# JRE version: OpenJDK Runtime Environment Temurin-21.0.10+7 (21.0.10+7) (build 21.0.10+7-LTS)
# Java VM: OpenJDK 64-Bit Server VM Temurin-21.0.10+7 (21.0.10+7-LTS, mixed mode, sharing, tiered, compressed oops, compressed class ptrs, parallel gc, windows-amd64)
GC Precious Log:
 CardTable entry size: 512
 CPUs: 16 total, 16 available
 Memory: 16109M
 Large Page Support: Disabled
 NUMA Support: Disabled
 Compressed Oops: Enabled (32-bit)
 Alignments: Space 512K, Generation 512K, Heap 2M
 Heap Min Capacity: 100M
 Heap Initial Capacity: 100M
 Heap Max Capacity: 2G
 Pre-touch: Disabled
 Parallel Workers: 13
Heap:
 PSYoungGen      total 3072K, used 2433K [0x00000000d5580000, 0x00000000d5980000, 0x0000000100000000)
  eden space 2048K, 93% used [0x00000000d5580000,0x00000000d5760ac8,0x00000000d5780000)
  from space 1024K, 49% used [0x00000000d5880000,0x00000000d58ffba0,0x00000000d5980000)
  to   space 1024K, 0% used [0x00000000d5780000,0x00000000d5780000,0x00000000d5880000)
 ParOldGen       total 1166848K, used 1166796K [0x0000000080000000, 0x00000000c7380000, 0x00000000d5580000)
  object space 1166848K, 99% used [0x0000000080000000,0x00000000c7373130,0x00000000c7380000)
 Metaspace       used 76258K, committed 77760K, reserved 1179648K
  class space    used 7558K, committed 8256K, reserved 1048576K
GC Heap History (20 events):
Event: 6990.736 GC heap before
{Heap before GC invocations=1034 (full 5):
 PSYoungGen      total 5120K, used 4725K [0x00000000d5580000, 0x00000000d5e00000, 0x0000000100000000)
  eden space 2560K, 100% used [0x00000000d5580000,0x00000000d5800000,0x00000000d5800000)
  from space 2560K, 84% used [0x00000000d5b80000,0x00000000d5d9d578,0x00000000d5e00000)
  to   space 2560K, 0% used [0x00000000d5800000,0x00000000d5800000,0x00000000d5a80000)
 ParOldGen       total 1158144K, used 1158026K [0x0000000080000000, 0x00000000c6b00000, 0x00000000d5580000)
  object space 1158144K, 99% used [0x0000000080000000,0x00000000c6ae2ac0,0x00000000c6b00000)
 Metaspace       used 76237K, committed 77696K, reserved 1179648K
  class space    used 7558K, committed 8256K, reserved 1048576K
}
Event: 6990.739 GC heap after
{Heap after GC invocations=1034 (full 5):
 PSYoungGen      total 4096K, used 1518K [0x00000000d5580000, 0x00000000d5c00000, 0x0000000100000000)
  eden space 2560K, 0% used [0x00000000d5580000,0x00000000d5580000,0x00000000d5800000)
  from space 1536K, 98% used [0x00000000d5800000,0x00000000d597b9c8,0x00000000d5980000)
  to   space 2048K, 0% used [0x00000000d5a00000,0x00000000d5a00000,0x00000000d5c00000)
 ParOldGen       total 1160192K, used 1160049K [0x0000000080000000, 0x00000000c6d00000, 0x00000000d5580000)
  object space 1160192K, 99% used [0x0000000080000000,0x00000000c6cdc798,0x00000000c6d00000)
 Metaspace       used 76237K, committed 77696K, reserved 1179648K
  class space    used 7558K, committed 8256K, reserved 1048576K
}
Event: 6990.768 GC heap before
{Heap before GC invocations=1035 (full 5):
 PSYoungGen      total 4096K, used 4078K [0x00000000d5580000, 0x00000000d5c00000, 0x0000000100000000)
  eden space 2560K, 100% used [0x00000000d5580000,0x00000000d5800000,0x00000000d5800000)
  from space 1536K, 98% used [0x00000000d5800000,0x00000000d597b9c8,0x00000000d5980000)
  to   space 2048K, 0% used [0x00000000d5a00000,0x00000000d5a00000,0x00000000d5c00000)
 ParOldGen       total 1160192K, used 1160049K [0x0000000080000000, 0x00000000c6d00000, 0x00000000d5580000)
  object space 1160192K, 99% used [0x0000000080000000,0x00000000c6cdc798,0x00000000c6d00000)
 Metaspace       used 76237K, committed 77696K, reserved 1179648K
  class space    used 7558K, committed 8256K, reserved 1048576K
}
Event: 6990.771 GC heap after
{Heap after GC invocations=1035 (full 5):
 PSYoungGen      total 3584K, used 704K [0x00000000d5580000, 0x00000000d5b00000, 0x0000000100000000)
  eden space 2560K, 0% used [0x00000000d5580000,0x00000000d5580000,0x00000000d5800000)
  from space 1024K, 68% used [0x00000000d5a00000,0x00000000d5ab0000,0x00000000d5b00000)
  to   space 1536K, 0% used [0x00000000d5800000,0x00000000d5800000,0x00000000d5980000)
 ParOldGen       total 1161728K, used 1161339K [0x0000000080000000, 0x00000000c6e80000, 0x00000000d5580000)
  object space 1161728K, 99% used [0x0000000080000000,0x00000000c6e1ed30,0x00000000c6e80000)
 Metaspace       used 76237K, committed 77696K, reserved 1179648K
  class space    used 7558K, committed 8256K, reserved 1048576K
}
Event: 6990.779 GC heap before
{Heap before GC invocations=1036 (full 5):
 PSYoungGen      total 3584K, used 3264K [0x00000000d5580000, 0x00000000d5b00000, 0x0000000100000000)
  eden space 2560K, 100% used [0x00000000d5580000,0x00000000d5800000,0x00000000d5800000)
  from space 1024K, 68% used [0x00000000d5a00000,0x00000000d5ab0000,0x00000000d5b00000)
  to   space 1536K, 0% used [0x00000000d5800000,0x00000000d5800000,0x00000000d5980000)
 ParOldGen       total 1161728K, used 1161339K [0x0000000080000000, 0x00000000c6e80000, 0x00000000d5580000)
  object space 1161728K, 99% used [0x0000000080000000,0x00000000c6e1ed30,0x00000000c6e80000)
 Metaspace       used 76238K, committed 77696K, reserved 1179648K
  class space    used 7558K, committed 8256K, reserved 1048576K
}
Event: 6990.782 GC heap after
{Heap after GC invocations=1036 (full 5):
 PSYoungGen      total 4096K, used 1040K [0x00000000d5580000, 0x00000000d5b00000, 0x0000000100000000)
  eden space 2560K, 0% used [0x00000000d5580000,0x00000000d5580000,0x00000000d5800000)
  from space 1536K, 67% used [0x00000000d5800000,0x00000000d5904010,0x00000000d5980000)
  to   space 1536K, 0% used [0x00000000d5980000,0x00000000d5980000,0x00000000d5b00000)
 ParOldGen       total 1162240K, used 1161766K [0x0000000080000000, 0x00000000c6f00000, 0x00000000d5580000)
  object space 1162240K, 99% used [0x0000000080000000,0x00000000c6e89848,0x00000000c6f00000)
 Metaspace       used 76238K, committed 77696K, reserved 1179648K
  class space    used 7558K, committed 8256K, reserved 1048576K
}
Event: 6990.786 GC heap before
{Heap before GC invocations=1037 (full 5):
 PSYoungGen      total 4096K, used 3600K [0x00000000d5580000, 0x00000000d5b00000, 0x0000000100000000)
  eden space 2560K, 100% used [0x00000000d5580000,0x00000000d5800000,0x00000000d5800000)
  from space 1536K, 67% used [0x00000000d5800000,0x00000000d5904010,0x00000000d5980000)
  to   space 1536K, 0% used [0x00000000d5980000,0x00000000d5980000,0x00000000d5b00000)
 ParOldGen       total 1162240K, used 1161766K [0x0000000080000000, 0x00000000c6f00000, 0x00000000d5580000)
  object space 1162240K, 99% used [0x0000000080000000,0x00000000c6e89848,0x00000000c6f00000)
 Metaspace       used 76238K, committed 77696K, reserved 1179648K
  class space    used 7558K, committed 8256K, reserved 1048576K
}
Event: 6990.789 GC heap after
{Heap after GC invocations=1037 (full 5):
 PSYoungGen      total 4096K, used 1024K [0x00000000d5580000, 0x00000000d5b80000, 0x0000000100000000)
  eden space 2560K, 0% used [0x00000000d5580000,0x00000000d5580000,0x00000000d5800000)
  from space 1536K, 66% used [0x00000000d5980000,0x00000000d5a80010,0x00000000d5b00000)
  to   space 1536K, 0% used [0x00000000d5800000,0x00000000d5800000,0x00000000d5980000)
 ParOldGen       total 1163264K, used 1162778K [0x0000000080000000, 0x00000000c7000000, 0x00000000d5580000)
  object space 1163264K, 99% used [0x0000000080000000,0x00000000c6f86b48,0x00000000c7000000)
 Metaspace       used 76238K, committed 77696K, reserved 1179648K
  class space    used 7558K, committed 8256K, reserved 1048576K
}
Event: 6990.798 GC heap before
{Heap before GC invocations=1038 (full 5):
 PSYoungGen      total 4096K, used 3584K [0x00000000d5580000, 0x00000000d5b80000, 0x0000000100000000)
  eden space 2560K, 100% used [0x00000000d5580000,0x00000000d5800000,0x00000000d5800000)
  from space 1536K, 66% used [0x00000000d5980000,0x00000000d5a80010,0x00000000d5b00000)
  to   space 1536K, 0% used [0x00000000d5800000,0x00000000d5800000,0x00000000d5980000)
 ParOldGen       total 1163264K, used 1162778K [0x0000000080000000, 0x00000000c7000000, 0x00000000d5580000)
  object space 1163264K, 99% used [0x0000000080000000,0x00000000c6f86b48,0x00000000c7000000)
 Metaspace       used 76238K, committed 77696K, reserved 1179648K
  class space    used 7558K, committed 8256K, reserved 1048576K
}
Event: 6990.800 GC heap after
{Heap after GC invocations=1038 (full 5):
 PSYoungGen      total 4096K, used 704K [0x00000000d5580000, 0x00000000d5a80000, 0x0000000100000000)
  eden space 2560K, 0% used [0x00000000d5580000,0x00000000d5580000,0x00000000d5800000)
  from space 1536K, 45% used [0x00000000d5800000,0x00000000d58b0000,0x00000000d5980000)
  to   space 1024K, 0% used [0x00000000d5980000,0x00000000d5980000,0x00000000d5a80000)
 ParOldGen       total 1163776K, used 1163738K [0x0000000080000000, 0x00000000c7080000, 0x00000000d5580000)
  object space 1163776K, 99% used [0x0000000080000000,0x00000000c7076b58,0x00000000c7080000)
 Metaspace       used 76238K, committed 77696K, reserved 1179648K
  class space    used 7558K, committed 8256K, reserved 1048576K
}
Event: 6991.052 GC heap before
{Heap before GC invocations=1039 (full 5):
 PSYoungGen      total 4096K, used 3264K [0x00000000d5580000, 0x00000000d5a80000, 0x0000000100000000)
  eden space 2560K, 100% used [0x00000000d5580000,0x00000000d5800000,0x00000000d5800000)
  from space 1536K, 45% used [0x00000000d5800000,0x00000000d58b0000,0x00000000d5980000)
  to   space 1024K, 0% used [0x00000000d5980000,0x00000000d5980000,0x00000000d5a80000)
 ParOldGen       total 1163776K, used 1163738K [0x0000000080000000, 0x00000000c7080000, 0x00000000d5580000)
  object space 1163776K, 99% used [0x0000000080000000,0x00000000c7076b58,0x00000000c7080000)
 Metaspace       used 76238K, committed 77696K, reserved 1179648K
  class space    used 7558K, committed 8256K, reserved 1048576K
}
Event: 6991.057 GC heap after
{Heap after GC invocations=1039 (full 5):
 PSYoungGen      total 3072K, used 999K [0x00000000d5580000, 0x00000000d5c00000, 0x0000000100000000)
  eden space 2048K, 0% used [0x00000000d5580000,0x00000000d5580000,0x00000000d5780000)
  from space 1024K, 97% used [0x00000000d5980000,0x00000000d5a79fc0,0x00000000d5a80000)
  to   space 2048K, 0% used [0x00000000d5780000,0x00000000d5780000,0x00000000d5980000)
 ParOldGen       total 1164288K, used 1164194K [0x0000000080000000, 0x00000000c7100000, 0x00000000d5580000)
  object space 1164288K, 99% used [0x0000000080000000,0x00000000c70e8b58,0x00000000c7100000)
 Metaspace       used 76238K, committed 77696K, reserved 1179648K
  class space    used 7558K, committed 8256K, reserved 1048576K
}
Event: 6991.080 GC heap before
{Heap before GC invocations=1040 (full 5):
 PSYoungGen      total 3072K, used 3047K [0x00000000d5580000, 0x00000000d5c00000, 0x0000000100000000)
  eden space 2048K, 100% used [0x00000000d5580000,0x00000000d5780000,0x00000000d5780000)
  from space 1024K, 97% used [0x00000000d5980000,0x00000000d5a79fc0,0x00000000d5a80000)
  to   space 2048K, 0% used [0x00000000d5780000,0x00000000d5780000,0x00000000d5980000)
 ParOldGen       total 1164288K, used 1164194K [0x0000000080000000, 0x00000000c7100000, 0x00000000d5580000)
  object space 1164288K, 99% used [0x0000000080000000,0x00000000c70e8b58,0x00000000c7100000)
 Metaspace       used 76239K, committed 77696K, reserved 1179648K
  class space    used 7558K, committed 8256K, reserved 1048576K
}
Event: 6991.085 GC heap after
{Heap after GC invocations=1040 (full 5):
 PSYoungGen      total 3072K, used 768K [0x00000000d5580000, 0x00000000d5a00000, 0x0000000100000000)
  eden space 2048K, 0% used [0x00000000d5580000,0x00000000d5580000,0x00000000d5780000)
  from space 1024K, 75% used [0x00000000d5780000,0x00000000d5840000,0x00000000d5880000)
  to   space 1024K, 0% used [0x00000000d5900000,0x00000000d5900000,0x00000000d5a00000)
 ParOldGen       total 1165312K, used 1164971K [0x0000000080000000, 0x00000000c7200000, 0x00000000d5580000)
  object space 1165312K, 99% used [0x0000000080000000,0x00000000c71aad40,0x00000000c7200000)
 Metaspace       used 76239K, committed 77696K, reserved 1179648K
  class space    used 7558K, committed 8256K, reserved 1048576K
}
Event: 6991.107 GC heap before
{Heap before GC invocations=1041 (full 5):
 PSYoungGen      total 3072K, used 2816K [0x00000000d5580000, 0x00000000d5a00000, 0x0000000100000000)
  eden space 2048K, 100% used [0x00000000d5580000,0x00000000d5780000,0x00000000d5780000)
  from space 1024K, 75% used [0x00000000d5780000,0x00000000d5840000,0x00000000d5880000)
  to   space 1024K, 0% used [0x00000000d5900000,0x00000000d5900000,0x00000000d5a00000)
 ParOldGen       total 1165312K, used 1164971K [0x0000000080000000, 0x00000000c7200000, 0x00000000d5580000)
  object space 1165312K, 99% used [0x0000000080000000,0x00000000c71aad40,0x00000000c7200000)
 Metaspace       used 76239K, committed 77696K, reserved 1179648K
  class space    used 7558K, committed 8256K, reserved 1048576K
}
Event: 6991.112 GC heap after
{Heap after GC invocations=1041 (full 5):
 PSYoungGen      total 3072K, used 951K [0x00000000d5580000, 0x00000000d5a00000, 0x0000000100000000)
  eden space 2048K, 0% used [0x00000000d5580000,0x00000000d5580000,0x00000000d5780000)
  from space 1024K, 92% used [0x00000000d5900000,0x00000000d59edfb0,0x00000000d5a00000)
  to   space 1024K, 0% used [0x00000000d5780000,0x00000000d5780000,0x00000000d5880000)
 ParOldGen       total 1165824K, used 1165555K [0x0000000080000000, 0x00000000c7280000, 0x00000000d5580000)
  object space 1165824K, 99% used [0x0000000080000000,0x00000000c723cd60,0x00000000c7280000)
 Metaspace       used 76239K, committed 77696K, reserved 1179648K
  class space    used 7558K, committed 8256K, reserved 1048576K
}
Event: 6991.127 GC heap before
{Heap before GC invocations=1042 (full 5):
 PSYoungGen      total 3072K, used 2999K [0x00000000d5580000, 0x00000000d5a00000, 0x0000000100000000)
  eden space 2048K, 100% used [0x00000000d5580000,0x00000000d5780000,0x00000000d5780000)
  from space 1024K, 92% used [0x00000000d5900000,0x00000000d59edfb0,0x00000000d5a00000)
  to   space 1024K, 0% used [0x00000000d5780000,0x00000000d5780000,0x00000000d5880000)
 ParOldGen       total 1165824K, used 1165555K [0x0000000080000000, 0x00000000c7280000, 0x00000000d5580000)
  object space 1165824K, 99% used [0x0000000080000000,0x00000000c723cd60,0x00000000c7280000)
 Metaspace       used 76239K, committed 77696K, reserved 1179648K
  class space    used 7558K, committed 8256K, reserved 1048576K
}
Event: 6991.131 GC heap after
{Heap after GC invocations=1042 (full 5):
 PSYoungGen      total 3072K, used 704K [0x00000000d5580000, 0x00000000d5980000, 0x0000000100000000)
  eden space 2048K, 0% used [0x00000000d5580000,0x00000000d5580000,0x00000000d5780000)
  from space 1024K, 68% used [0x00000000d5780000,0x00000000d5830000,0x00000000d5880000)
  to   space 1024K, 0% used [0x00000000d5880000,0x00000000d5880000,0x00000000d5980000)
 ParOldGen       total 1166336K, used 1166276K [0x0000000080000000, 0x00000000c7300000, 0x00000000d5580000)
  object space 1166336K, 99% used [0x0000000080000000,0x00000000c72f1130,0x00000000c7300000)
 Metaspace       used 76239K, committed 77696K, reserved 1179648K
  class space    used 7558K, committed 8256K, reserved 1048576K
}
Event: 6991.447 GC heap before
{Heap before GC invocations=1043 (full 5):
 PSYoungGen      total 3072K, used 2748K [0x00000000d5580000, 0x00000000d5980000, 0x0000000100000000)
  eden space 2048K, 99% used [0x00000000d5580000,0x00000000d577f160,0x00000000d5780000)
  from space 1024K, 68% used [0x00000000d5780000,0x00000000d5830000,0x00000000d5880000)
  to   space 1024K, 0% used [0x00000000d5880000,0x00000000d5880000,0x00000000d5980000)
 ParOldGen       total 1166336K, used 1166276K [0x0000000080000000, 0x00000000c7300000, 0x00000000d5580000)
  object space 1166336K, 99% used [0x0000000080000000,0x00000000c72f1130,0x00000000c7300000)
 Metaspace       used 76255K, committed 77760K, reserved 1179648K
  class space    used 7558K, committed 8256K, reserved 1048576K
}
Event: 6991.453 GC heap after
{Heap after GC invocations=1043 (full 5):
 PSYoungGen      total 3072K, used 510K [0x00000000d5580000, 0x00000000d5980000, 0x0000000100000000)
  eden space 2048K, 0% used [0x00000000d5580000,0x00000000d5580000,0x00000000d5780000)
  from space 1024K, 49% used [0x00000000d5880000,0x00000000d58ffba0,0x00000000d5980000)
  to   space 1024K, 0% used [0x00000000d5780000,0x00000000d5780000,0x00000000d5880000)
 ParOldGen       total 1166848K, used 1166796K [0x0000000080000000, 0x00000000c7380000, 0x00000000d5580000)
  object space 1166848K, 99% used [0x0000000080000000,0x00000000c7373130,0x00000000c7380000)
 Metaspace       used 76255K, committed 77760K, reserved 1179648K
  class space    used 7558K, committed 8256K, reserved 1048576K
}

